c:\users\19718\onedrive\documents\github\hw07\src\inbandtelemetry\debug\vc142.pdb
c:\users\19718\onedrive\documents\github\hw07\src\inbandtelemetry\debug\vc142.idb
c:\users\19718\onedrive\documents\github\hw07\src\inbandtelemetry\debug\node.obj
c:\users\19718\onedrive\documents\github\hw07\src\inbandtelemetry\debug\main.obj
c:\users\19718\onedrive\documents\github\hw07\src\inbandtelemetry\debug\linkedlist.obj
c:\users\19718\onedrive\documents\github\hw07\src\inbandtelemetry\debug\graph.obj
c:\users\19718\onedrive\documents\github\hw07\src\inbandtelemetry\debug\inbandtelemetry.pdb
c:\users\19718\onedrive\documents\github\hw07\src\inbandtelemetry\debug\inbandtelemetry.tlog\cl.command.1.tlog
c:\users\19718\onedrive\documents\github\hw07\src\inbandtelemetry\debug\inbandtelemetry.tlog\cl.read.1.tlog
c:\users\19718\onedrive\documents\github\hw07\src\inbandtelemetry\debug\inbandtelemetry.tlog\cl.write.1.tlog
c:\users\19718\onedrive\documents\github\hw07\src\inbandtelemetry\debug\inbandtelemetry.tlog\link-cvtres.read.1.tlog
c:\users\19718\onedrive\documents\github\hw07\src\inbandtelemetry\debug\inbandtelemetry.tlog\link-cvtres.write.1.tlog
c:\users\19718\onedrive\documents\github\hw07\src\inbandtelemetry\debug\inbandtelemetry.tlog\link-rc.read.1.tlog
c:\users\19718\onedrive\documents\github\hw07\src\inbandtelemetry\debug\inbandtelemetry.tlog\link-rc.write.1.tlog
c:\users\19718\onedrive\documents\github\hw07\src\inbandtelemetry\debug\inbandtelemetry.tlog\link.39720-cvtres.read.1.tlog
c:\users\19718\onedrive\documents\github\hw07\src\inbandtelemetry\debug\inbandtelemetry.tlog\link.39720-cvtres.write.1.tlog
c:\users\19718\onedrive\documents\github\hw07\src\inbandtelemetry\debug\inbandtelemetry.tlog\link.39720-rc.read.1.tlog
c:\users\19718\onedrive\documents\github\hw07\src\inbandtelemetry\debug\inbandtelemetry.tlog\link.39720-rc.write.1.tlog
c:\users\19718\onedrive\documents\github\hw07\src\inbandtelemetry\debug\inbandtelemetry.tlog\link.39720.read.1.tlog
c:\users\19718\onedrive\documents\github\hw07\src\inbandtelemetry\debug\inbandtelemetry.tlog\link.39720.write.1.tlog
c:\users\19718\onedrive\documents\github\hw07\src\inbandtelemetry\debug\inbandtelemetry.tlog\link.command.1.tlog
c:\users\19718\onedrive\documents\github\hw07\src\inbandtelemetry\debug\inbandtelemetry.tlog\link.read.1.tlog
c:\users\19718\onedrive\documents\github\hw07\src\inbandtelemetry\debug\inbandtelemetry.tlog\link.write.1.tlog
